0 info it worked if it ends with ok
1 verbose cli [ 'node', '/usr/local/bin/npm', 'install' ]
2 info using npm@1.4.28
3 info using node@v0.10.33
4 verbose readDependencies using package.json deps
5 verbose install where, deps [ '/Users/steve/Project/fin-trader',
5 verbose install   [ 'backbone',
5 verbose install     'jquery',
5 verbose install     'browser-sync',
5 verbose install     'browserify',
5 verbose install     'browserify-shim',
5 verbose install     'coffeeify',
5 verbose install     'gulp',
5 verbose install     'gulp-autoprefixer',
5 verbose install     'gulp-changed',
5 verbose install     'gulp-filesize',
5 verbose install     'gulp-iconfont',
5 verbose install     'gulp-imagemin',
5 verbose install     'gulp-jshint',
5 verbose install     'gulp-livereload',
5 verbose install     'gulp-minify-css',
5 verbose install     'gulp-notify',
5 verbose install     'gulp-rename',
5 verbose install     'gulp-sass',
5 verbose install     'gulp-sourcemaps',
5 verbose install     'gulp-swig',
5 verbose install     'gulp-uglify',
5 verbose install     'gulp-util',
5 verbose install     'handlebars',
5 verbose install     'hbsfy',
5 verbose install     'karma',
5 verbose install     'karma-browserify',
5 verbose install     'karma-chrome-launcher',
5 verbose install     'karma-coffee-preprocessor',
5 verbose install     'karma-mocha',
5 verbose install     'karma-nyan-reporter',
5 verbose install     'karma-sinon-chai',
5 verbose install     'lodash',
5 verbose install     'merge-stream',
5 verbose install     'moment',
5 verbose install     'nerf-turret',
5 verbose install     'numeral',
5 verbose install     'openfin-launcher',
5 verbose install     'pretty-hrtime',
5 verbose install     'react',
5 verbose install     'reactify',
5 verbose install     'require-dir',
5 verbose install     'socket.io-client',
5 verbose install     'vinyl-source-stream',
5 verbose install     'watchify',
5 verbose install     'xhr-browserify' ] ]
6 info preinstall gulp-starter@0.1.1
7 verbose readDependencies using package.json deps
8 verbose already installed skipping backbone@~1.1.2 /Users/steve/Project/fin-trader
9 verbose already installed skipping jquery@~2.1.0 /Users/steve/Project/fin-trader
10 verbose already installed skipping browser-sync@^2.7.1 /Users/steve/Project/fin-trader
11 verbose already installed skipping browserify@^9.0.3 /Users/steve/Project/fin-trader
12 verbose already installed skipping browserify-shim@^3.8.2 /Users/steve/Project/fin-trader
13 verbose already installed skipping coffeeify@~1.0.0 /Users/steve/Project/fin-trader
14 verbose already installed skipping gulp@^3.8.11 /Users/steve/Project/fin-trader
15 verbose already installed skipping gulp-autoprefixer@^2.1.0 /Users/steve/Project/fin-trader
16 verbose already installed skipping gulp-changed@^1.1.1 /Users/steve/Project/fin-trader
17 verbose already installed skipping gulp-filesize@0.0.6 /Users/steve/Project/fin-trader
18 verbose already installed skipping gulp-iconfont@^1.0.0 /Users/steve/Project/fin-trader
19 verbose already installed skipping gulp-imagemin@^2.2.1 /Users/steve/Project/fin-trader
20 verbose already installed skipping gulp-jshint@^1.10.0 /Users/steve/Project/fin-trader
21 verbose already installed skipping gulp-livereload@^3.8.0 /Users/steve/Project/fin-trader
22 verbose already installed skipping gulp-minify-css@~0.5.1 /Users/steve/Project/fin-trader
23 verbose already installed skipping gulp-notify@^2.2.0 /Users/steve/Project/fin-trader
24 verbose already installed skipping gulp-rename@^1.2.0 /Users/steve/Project/fin-trader
25 verbose already installed skipping gulp-sass@~1.3.3 /Users/steve/Project/fin-trader
26 verbose already installed skipping gulp-sourcemaps@^1.5.0 /Users/steve/Project/fin-trader
27 verbose already installed skipping gulp-swig@^0.7.4 /Users/steve/Project/fin-trader
28 verbose already installed skipping gulp-uglify@^1.1.0 /Users/steve/Project/fin-trader
29 verbose already installed skipping gulp-util@^3.0.4 /Users/steve/Project/fin-trader
30 verbose already installed skipping handlebars@^3.0.0 /Users/steve/Project/fin-trader
31 verbose already installed skipping hbsfy@~2.2.1 /Users/steve/Project/fin-trader
32 verbose already installed skipping karma@^0.12.31 /Users/steve/Project/fin-trader
33 verbose already installed skipping karma-browserify@^4.0.0 /Users/steve/Project/fin-trader
34 verbose already installed skipping karma-chrome-launcher@^0.1.7 /Users/steve/Project/fin-trader
35 verbose already installed skipping karma-coffee-preprocessor@^0.2.1 /Users/steve/Project/fin-trader
36 verbose already installed skipping karma-mocha@^0.1.10 /Users/steve/Project/fin-trader
37 verbose already installed skipping karma-nyan-reporter@0.0.51 /Users/steve/Project/fin-trader
38 verbose already installed skipping karma-sinon-chai@^0.3.0 /Users/steve/Project/fin-trader
39 verbose already installed skipping lodash@^3.3.1 /Users/steve/Project/fin-trader
40 verbose already installed skipping merge-stream@^0.1.7 /Users/steve/Project/fin-trader
41 verbose already installed skipping moment@^2.10.2 /Users/steve/Project/fin-trader
42 verbose already installed skipping nerf-turret@^0.0.6 /Users/steve/Project/fin-trader
43 verbose already installed skipping numeral@^1.5.3 /Users/steve/Project/fin-trader
44 verbose already installed skipping openfin-launcher@^0.2.0 /Users/steve/Project/fin-trader
45 verbose already installed skipping pretty-hrtime@~1.0.0 /Users/steve/Project/fin-trader
46 verbose already installed skipping react@^0.13.1 /Users/steve/Project/fin-trader
47 verbose already installed skipping reactify@^1.1.0 /Users/steve/Project/fin-trader
48 verbose already installed skipping require-dir@^0.3.0 /Users/steve/Project/fin-trader
49 verbose already installed skipping socket.io-client@^1.3.5 /Users/steve/Project/fin-trader
50 verbose already installed skipping vinyl-source-stream@~1.0.0 /Users/steve/Project/fin-trader
51 verbose already installed skipping watchify@^2.4.0 /Users/steve/Project/fin-trader
52 verbose already installed skipping xhr-browserify@0.0.4 /Users/steve/Project/fin-trader
53 silly resolved []
54 info build /Users/steve/Project/fin-trader
55 verbose linkStuff [ false, false, false, '/Users/steve/Project' ]
56 info linkStuff gulp-starter@0.1.1
57 verbose linkBins gulp-starter@0.1.1
58 verbose linkMans gulp-starter@0.1.1
59 verbose rebuildBundles gulp-starter@0.1.1
60 verbose rebuildBundles [ '.bin',
60 verbose rebuildBundles   'backbone',
60 verbose rebuildBundles   'browser-sync',
60 verbose rebuildBundles   'browserify',
60 verbose rebuildBundles   'browserify-shim',
60 verbose rebuildBundles   'coffeeify',
60 verbose rebuildBundles   'gulp',
60 verbose rebuildBundles   'gulp-autoprefixer',
60 verbose rebuildBundles   'gulp-changed',
60 verbose rebuildBundles   'gulp-filesize',
60 verbose rebuildBundles   'gulp-iconfont',
60 verbose rebuildBundles   'gulp-imagemin',
60 verbose rebuildBundles   'gulp-jshint',
60 verbose rebuildBundles   'gulp-livereload',
60 verbose rebuildBundles   'gulp-minify-css',
60 verbose rebuildBundles   'gulp-notify',
60 verbose rebuildBundles   'gulp-rename',
60 verbose rebuildBundles   'gulp-sass',
60 verbose rebuildBundles   'gulp-sourcemaps',
60 verbose rebuildBundles   'gulp-swig',
60 verbose rebuildBundles   'gulp-uglify',
60 verbose rebuildBundles   'gulp-util',
60 verbose rebuildBundles   'handlebars',
60 verbose rebuildBundles   'hbsfy',
60 verbose rebuildBundles   'jquery',
60 verbose rebuildBundles   'karma',
60 verbose rebuildBundles   'karma-browserify',
60 verbose rebuildBundles   'karma-chrome-launcher',
60 verbose rebuildBundles   'karma-coffee-preprocessor',
60 verbose rebuildBundles   'karma-mocha',
60 verbose rebuildBundles   'karma-nyan-reporter',
60 verbose rebuildBundles   'karma-sinon-chai',
60 verbose rebuildBundles   'lodash',
60 verbose rebuildBundles   'merge-stream',
60 verbose rebuildBundles   'mocha',
60 verbose rebuildBundles   'moment',
60 verbose rebuildBundles   'nerf-turret',
60 verbose rebuildBundles   'numeral',
60 verbose rebuildBundles   'openfin-launcher',
60 verbose rebuildBundles   'pretty-hrtime',
60 verbose rebuildBundles   'react',
60 verbose rebuildBundles   'reactify',
60 verbose rebuildBundles   'require-dir',
60 verbose rebuildBundles   'socket.io-client',
60 verbose rebuildBundles   'vinyl-source-stream',
60 verbose rebuildBundles   'watchify',
60 verbose rebuildBundles   'xhr-browserify' ]
61 verbose rebuild bundle /Users/steve/Project/fin-trader/node_modules/mocha
62 info build /Users/steve/Project/fin-trader/node_modules/mocha
63 info preinstall mocha@2.2.4
64 verbose linkStuff [ false,
64 verbose linkStuff   false,
64 verbose linkStuff   false,
64 verbose linkStuff   '/Users/steve/Project/fin-trader/node_modules' ]
65 info linkStuff mocha@2.2.4
66 verbose linkBins mocha@2.2.4
67 verbose link bins [ { mocha: './bin/mocha', _mocha: './bin/_mocha' },
67 verbose link bins   '/Users/steve/Project/fin-trader/node_modules/.bin',
67 verbose link bins   false ]
68 verbose linkMans mocha@2.2.4
69 verbose rebuildBundles mocha@2.2.4
70 verbose rebuildBundles [ '.bin',
70 verbose rebuildBundles   'commander',
70 verbose rebuildBundles   'debug',
70 verbose rebuildBundles   'diff',
70 verbose rebuildBundles   'escape-string-regexp',
70 verbose rebuildBundles   'glob',
70 verbose rebuildBundles   'growl',
70 verbose rebuildBundles   'jade',
70 verbose rebuildBundles   'mkdirp',
70 verbose rebuildBundles   'supports-color' ]
71 error Error: EACCES, unlink '/Users/steve/Project/fin-trader/node_modules/.bin/mocha'
71 error  { [Error: EACCES, unlink '/Users/steve/Project/fin-trader/node_modules/.bin/mocha']
71 error   errno: 3,
71 error   code: 'EACCES',
71 error   path: '/Users/steve/Project/fin-trader/node_modules/.bin/mocha' }
72 error Please try running this command again as root/Administrator.
73 error System Darwin 14.0.0
74 error command "node" "/usr/local/bin/npm" "install"
75 error cwd /Users/steve/Project/fin-trader
76 error node -v v0.10.33
77 error npm -v 1.4.28
78 error path /Users/steve/Project/fin-trader/node_modules/.bin/mocha
79 error code EACCES
80 error errno 3
81 error stack Error: EACCES, unlink '/Users/steve/Project/fin-trader/node_modules/.bin/mocha'
82 verbose exit [ 3, true ]
