19/04/2015 13:11:26,680 INFO  Initialized Log - bool __thiscall OpenFinRVM::InitInstance(void)
19/04/2015 13:11:26,695 INFO  Running "C:\Users\openfin\AppData\Roaming\npm\node_modules\openfin-cli\OpenFinRVM.exe" Version 0.1.0.12 - bool __thiscall OpenFinRVM::InitInstance(void)
19/04/2015 13:11:26,695 WARN  RegCloseKey() failed with error 0 for path SOFTWARE\Microsoft\Cryptography - bool __thiscall Utils::Repository::Registry::Key::Close(void)
19/04/2015 13:11:26,695 INFO  Initialized the Main Controller - bool __thiscall OpenFinRVM::InitInstance(void)
19/04/2015 13:11:26,695 INFO  RVM::Controllers::InstallerController::DoLogic - void __thiscall RVM::Controllers::InstallerController::DoLogic(void)
19/04/2015 13:11:26,742 INFO  RVM::Controllers::PathVerifyController::DoLogic - void __thiscall RVM::Controllers::PathVerifyController::DoLogic(void)
19/04/2015 13:11:26,742 INFO  RVM is not running from the desired path. Launching "C:\Users\openfin\AppData\Local\OpenFin\OpenFinRVM.exe" - void __thiscall RVM::Controllers::PathVerifyController::DoLogic(void)
19/04/2015 13:11:26,742 INFO  Exiting RVM... - void __thiscall OpenFinRVM::ExitInstance(void)
19/04/2015 13:11:26,742 INFO  Calling MainController.Uninit() - void __thiscall OpenFinRVM::ExitInstance(void)
19/04/2015 13:11:26,742 INFO  Calling MessageWindow.Destroy() - void __thiscall OpenFinRVM::ExitInstance(void)
19/04/2015 13:11:26,742 INFO  Calling RuntimeMonitor.Stop() - void __thiscall OpenFinRVM::ExitInstance(void)
19/04/2015 13:11:26,742 INFO  Calling AnalyticsManager.Uninit() - void __thiscall OpenFinRVM::ExitInstance(void)
19/04/2015 13:11:26,742 INFO  Calling TaskManager.Wait() - void __thiscall OpenFinRVM::ExitInstance(void)
20/04/2015 09:42:39,275 INFO  Initialized Log - bool __thiscall OpenFinRVM::InitInstance(void)
20/04/2015 09:42:39,276 INFO  Running "C:\Users\openfin\AppData\Roaming\npm\node_modules\openfin-cli\OpenFinRVM.exe" Version 0.1.0.12 - bool __thiscall OpenFinRVM::InitInstance(void)
20/04/2015 09:42:39,277 WARN  RegCloseKey() failed with error 0 for path SOFTWARE\Microsoft\Cryptography - bool __thiscall Utils::Repository::Registry::Key::Close(void)
20/04/2015 09:42:39,277 INFO  Initialized the Main Controller - bool __thiscall OpenFinRVM::InitInstance(void)
20/04/2015 09:42:39,312 INFO  RVM::Controllers::InstallerController::DoLogic - void __thiscall RVM::Controllers::InstallerController::DoLogic(void)
20/04/2015 09:42:39,313 INFO  RVM::Controllers::PathVerifyController::DoLogic - void __thiscall RVM::Controllers::PathVerifyController::DoLogic(void)
20/04/2015 09:42:39,314 INFO  RVM is not running from the desired path. Launching "C:\Users\openfin\AppData\Local\OpenFin\OpenFinRVM.exe" - void __thiscall RVM::Controllers::PathVerifyController::DoLogic(void)
20/04/2015 09:42:39,317 INFO  Exiting RVM... - void __thiscall OpenFinRVM::ExitInstance(void)
20/04/2015 09:42:39,317 INFO  Calling MainController.Uninit() - void __thiscall OpenFinRVM::ExitInstance(void)
20/04/2015 09:42:39,318 INFO  Calling MessageWindow.Destroy() - void __thiscall OpenFinRVM::ExitInstance(void)
20/04/2015 09:42:39,318 INFO  Calling RuntimeMonitor.Stop() - void __thiscall OpenFinRVM::ExitInstance(void)
20/04/2015 09:42:39,318 INFO  Calling AnalyticsManager.Uninit() - void __thiscall OpenFinRVM::ExitInstance(void)
20/04/2015 09:42:39,318 INFO  Calling TaskManager.Wait() - void __thiscall OpenFinRVM::ExitInstance(void)
